<?xml version="1.0" encoding="UTF-8"?>
<testng-results ignored="0" total="1" passed="1" failed="0" skipped="0">
  <reporter-output>
  </reporter-output>
  <suite started-at="2023-01-23T02:48:05 AEDT" name="Default suite" finished-at="2023-01-23T02:48:28 AEDT" duration-ms="22213">
    <groups>
      <group name="cucumber">
        <method signature="AbstractTestNGCucumberTests.runScenario(io.cucumber.testng.PickleWrapper,io.cucumber.testng.FeatureWrapper)[pri:0, instance:runner.RunCuke@78e4deb0]" name="runScenario" class="io.cucumber.testng.AbstractTestNGCucumberTests"/>
      </group> <!-- cucumber -->
    </groups>
    <test started-at="2023-01-23T02:48:05 AEDT" name="Default test" finished-at="2023-01-23T02:48:28 AEDT" duration-ms="22213">
      <class name="runner.RunCuke">
        <test-method is-config="true" signature="setUpClass(org.testng.ITestContext)[pri:0, instance:runner.RunCuke@78e4deb0]" started-at="2023-01-23T02:48:05 AEDT" name="setUpClass" finished-at="2023-01-23T02:48:06 AEDT" duration-ms="828" status="PASS">
          <params>
            <param index="0">
              <value>
                <![CDATA[org.testng.TestRunner@202ae86f]]>
              </value>
            </param>
          </params>
          <reporter-output>
          </reporter-output>
        </test-method> <!-- setUpClass -->
        <test-method signature="runScenario(io.cucumber.testng.PickleWrapper,io.cucumber.testng.FeatureWrapper)[pri:0, instance:runner.RunCuke@78e4deb0]" started-at="2023-01-23T02:48:06 AEDT" name="runScenario" description="Runs Cucumber Scenarios" data-provider="scenarios" finished-at="2023-01-23T02:48:28 AEDT" duration-ms="21261" status="PASS">
          <params>
            <param index="0">
              <value>
                <![CDATA["Registration with Invalid details"]]>
              </value>
            </param>
            <param index="1">
              <value>
                <![CDATA["Energy Australia Invalid Registration"]]>
              </value>
            </param>
          </params>
          <reporter-output>
          </reporter-output>
        </test-method> <!-- runScenario -->
        <test-method is-config="true" signature="tearDownClass()[pri:0, instance:runner.RunCuke@78e4deb0]" started-at="2023-01-23T02:48:28 AEDT" name="tearDownClass" finished-at="2023-01-23T02:48:28 AEDT" duration-ms="76" status="PASS">
          <reporter-output>
          </reporter-output>
        </test-method> <!-- tearDownClass -->
      </class> <!-- runner.RunCuke -->
    </test> <!-- Default test -->
  </suite> <!-- Default suite -->
</testng-results>
